Flutter crash report.
Please report a bug at https://github.com/flutter/flutter/issues.

## command

flutter run -d edge

## exception

DartDevelopmentServiceException: DartDevelopmentServiceException: Failed to start Dart Development Service

```
```

## flutter doctor

```
[32m[✓][39m Flutter (Channel stable, 3.35.4, on Microsoft Windows [Versi¢n 10.0.19045.6332], locale
    es-GT) [1.851ms]
    [32m•[39m Flutter version 3.35.4 on channel stable at C:\flutter
    [32m•[39m Upstream repository https://github.com/flutter/flutter.git
    [32m•[39m Framework revision d693b4b9db (2 weeks ago), 2025-09-16 14:27:41 +0000
    [32m•[39m Engine revision c298091351
    [32m•[39m Dart version 3.9.2
    [32m•[39m DevTools version 2.48.0
    [32m•[39m Feature flags: enable-web, enable-linux-desktop, enable-macos-desktop,
      enable-windows-desktop, enable-android, enable-ios, cli-animations,
      enable-lldb-debugging

[32m[✓][39m Windows Version (10 Home Single Language 64 bits, 22H2, 2009) [22,6s]

[33m[!][39m Android toolchain - develop for Android devices (Android SDK version 36.1.0) [8,0s]
    [32m•[39m Android SDK at C:\Users\ACER\AppData\Local\Android\sdk
    [32m•[39m Emulator version 36.1.9.0 (build_id 13823996) (CL:N/A)
    [31m✗[39m cmdline-tools component is missing.
      Try installing or updating Android Studio.
      Alternatively, download the tools from
      https://developer.android.com/studio#command-line-tools-only and make sure to set the
      ANDROID_HOME environment variable.
      See https://developer.android.com/studio/command-line for more details.
    [31m✗[39m Android license status unknown.
      Run `flutter doctor --android-licenses` to accept the SDK licenses.
      See https://flutter.dev/to/windows-android-setup for more details.

[32m[✓][39m Chrome - develop for the web [73ms]
    [32m•[39m Chrome at C:\Program Files\Google\Chrome\Application\chrome.exe

[31m[✗][39m Visual Studio - develop Windows apps [68ms]
    [31m✗[39m Visual Studio not installed; this is necessary to develop Windows apps.
      Download at https://visualstudio.microsoft.com/downloads/.
      Please install the "Desktop development with C++" workload, including all of its
      default components

[32m[✓][39m Android Studio (version 2025.1.3) [48ms]
    [32m•[39m Android Studio at C:\Program Files\Android\Android Studio
    [32m•[39m Flutter plugin can be installed from:
      🔨 https://plugins.jetbrains.com/plugin/9212-flutter
    [32m•[39m Dart plugin can be installed from:
      🔨 https://plugins.jetbrains.com/plugin/6351-dart
    [32m•[39m Java version OpenJDK Runtime Environment (build 21.0.7+-13880790-b1038.58)

[32m[✓][39m VS Code (version 1.104.2) [32ms]
    [32m•[39m VS Code at C:\Users\ACER\AppData\Local\Programs\Microsoft VS Code
    [32m•[39m Flutter extension version 3.120.0

[32m[✓][39m Connected device (3 available) [6,2s]
    [32m•[39m Windows (desktop) • windows • windows-x64    • Microsoft Windows [Versi¢n
      10.0.19045.6332]
    [32m•[39m Chrome (web)      • chrome  • web-javascript • Google Chrome 140.0.7339.208
    [32m•[39m Edge (web)        • edge    • web-javascript • Microsoft Edge 140.0.3485.94

[32m[✓][39m Network resources [1.083ms]
    [32m•[39m All expected network resources are available.

[33m![39m Doctor found issues in 2 categories.
```
